<?xml version="1.0" encoding="UTF-8"?>
<coverage generated="1392439798">
  <project timestamp="1392439798">
    <package name="Psr\Error">
      <file name="/home/travis/build/ezzatron/php-error-handling/src/ErrorException.php">
        <class name="ErrorException" namespace="Psr\Error">
          <metrics methods="1" coveredmethods="1" conditionals="0" coveredconditionals="0" statements="2" coveredstatements="2" elements="3" coveredelements="3"/>
        </class>
        <line num="21" type="method" name="__construct" crap="1" count="7"/>
        <line num="23" type="stmt" count="7"/>
        <line num="24" type="stmt" count="7"/>
        <line num="26" type="stmt" count="0"/>
        <metrics loc="25" ncloc="14" classes="1" methods="1" coveredmethods="1" conditionals="0" coveredconditionals="0" statements="2" coveredstatements="2" elements="3" coveredelements="3"/>
      </file>
      <file name="/home/travis/build/ezzatron/php-error-handling/src/ErrorHandler.php">
        <class name="ErrorHandler" namespace="Psr\Error">
          <metrics methods="1" coveredmethods="1" conditionals="0" coveredconditionals="0" statements="5" coveredstatements="5" elements="6" coveredelements="6"/>
        </class>
        <line num="21" type="method" name="handleError" crap="4" count="32"/>
        <line num="23" type="stmt" count="32"/>
        <line num="24" type="stmt" count="4"/>
        <line num="26" type="stmt" count="28"/>
        <line num="27" type="stmt" count="14"/>
        <line num="30" type="stmt" count="14"/>
        <line num="33" type="stmt" count="0"/>
        <metrics loc="32" ncloc="18" classes="1" methods="1" coveredmethods="1" conditionals="0" coveredconditionals="0" statements="5" coveredstatements="5" elements="6" coveredelements="6"/>
      </file>
    </package>
    <file name="/home/travis/build/ezzatron/php-error-handling/src/ErrorExceptionInterface.php">
      <line num="64" type="stmt" count="0"/>
      <metrics loc="63" ncloc="22" classes="0" methods="0" coveredmethods="0" conditionals="0" coveredconditionals="0" statements="0" coveredstatements="0" elements="0" coveredelements="0"/>
    </file>
    <file name="/home/travis/build/ezzatron/php-error-handling/src/ErrorHandlerInterface.php">
      <line num="23" type="stmt" count="0"/>
      <metrics loc="22" ncloc="8" classes="0" methods="0" coveredmethods="0" conditionals="0" coveredconditionals="0" statements="0" coveredstatements="0" elements="0" coveredelements="0"/>
    </file>
    <metrics files="4" loc="142" ncloc="62" classes="2" methods="2" coveredmethods="2" conditionals="0" coveredconditionals="0" statements="7" coveredstatements="7" elements="9" coveredelements="9"/>
  </project>
</coverage>
