<?xml version="1.0" encoding="UTF-8"?>
<coverage generated="1393561166">
  <project timestamp="1393561166">
    <package name="Psr\Error">
      <file name="/home/travis/build/ezzatron/php-error-handler/src/ErrorHandler.php">
        <class name="ErrorHandler" namespace="Psr\Error">
          <metrics methods="1" coveredmethods="1" conditionals="0" coveredconditionals="0" statements="5" coveredstatements="5" elements="6" coveredelements="6"/>
        </class>
        <line num="23" type="method" name="__invoke" crap="4" count="32"/>
        <line num="25" type="stmt" count="32"/>
        <line num="26" type="stmt" count="4"/>
        <line num="28" type="stmt" count="28"/>
        <line num="29" type="stmt" count="14"/>
        <line num="32" type="stmt" count="14"/>
        <line num="35" type="stmt" count="0"/>
        <metrics loc="34" ncloc="20" classes="1" methods="1" coveredmethods="1" conditionals="0" coveredconditionals="0" statements="5" coveredstatements="5" elements="6" coveredelements="6"/>
      </file>
    </package>
    <metrics files="1" loc="34" ncloc="20" classes="1" methods="1" coveredmethods="1" conditionals="0" coveredconditionals="0" statements="5" coveredstatements="5" elements="6" coveredelements="6"/>
  </project>
</coverage>
